
==============================================

!Mon Jul 03 20:02:40 IST 2023

Processing file Net_Mobile_Banking_APIv1.0\com\esb\iob\netbankingvalidation.msgflow.
Successfully added file Net_Mobile_Banking_APIv1.0\com\esb\iob\netbankingvalidation.msgflow to BAR file.

==============================================

!Mon Jul 03 20:02:40 IST 2023

Processing file Net_Mobile_Banking_APIv1.0\com\esb\iob\mobilebankingvalidation.msgflow.
Successfully added file Net_Mobile_Banking_APIv1.0\com\esb\iob\mobilebankingvalidation.msgflow to BAR file.

==============================================

!Mon Jul 03 20:02:40 IST 2023

Processing file Net_Mobile_Banking_APIv1.0\com\esb\iob\blocknetbanking.msgflow.
Successfully added file Net_Mobile_Banking_APIv1.0\com\esb\iob\blocknetbanking.msgflow to BAR file.

==============================================

!Mon Jul 03 20:02:40 IST 2023

Processing file Net_Mobile_Banking_APIv1.0\com\esb\iob\blockmobilebanking.msgflow.
Successfully added file Net_Mobile_Banking_APIv1.0\com\esb\iob\blockmobilebanking.msgflow to BAR file.

==============================================

!Mon Jul 03 20:02:40 IST 2023

Processing file Net_Mobile_Banking_APIv1.0\NetBanking_Validation.msgflow.
Successfully added file Net_Mobile_Banking_APIv1.0\NetBanking_Validation.msgflow to BAR file.

==============================================

!Mon Jul 03 20:02:40 IST 2023

Processing file Net_Mobile_Banking_APIv1.0\Mobile_Banking.msgflow.
Successfully added file Net_Mobile_Banking_APIv1.0\Mobile_Banking.msgflow to BAR file.

==============================================

!Mon Jul 03 20:02:40 IST 2023

Processing file Net_Mobile_Banking_APIv1.0\Block_NetBanking.msgflow.
Successfully added file Net_Mobile_Banking_APIv1.0\Block_NetBanking.msgflow to BAR file.

==============================================

!Mon Jul 03 20:02:40 IST 2023

Processing file Net_Mobile_Banking_APIv1.0\Block_Mobile_Number_Compute.esql.
Dependent ESQL file ESBValidationUtils/MobileNumbervalidation_ProcessResponse.esql is added to the BAR file.

Successfully added file Net_Mobile_Banking_APIv1.0\Block_Mobile_Number_Compute.esql to BAR file.

==============================================

!Mon Jul 03 20:02:40 IST 2023

Processing file Net_Mobile_Banking_APIv1.0\Mobile_Banking_Compute1.esql.
Successfully added file Net_Mobile_Banking_APIv1.0\Mobile_Banking_Compute1.esql to BAR file.

==============================================

!Mon Jul 03 20:02:40 IST 2023

Processing file Net_Mobile_Banking_APIv1.0\Mobile_Banking_Compute2.esql.
Dependent ESQL file Mobile_validation_Compute.esql is added to the BAR file.

Successfully added file Net_Mobile_Banking_APIv1.0\Mobile_Banking_Compute2.esql to BAR file.

==============================================

!Mon Jul 03 20:02:40 IST 2023

Processing file Net_Mobile_Banking_APIv1.0\Mobile_Banking_Mainflow_Compute.esql.
Successfully added file Net_Mobile_Banking_APIv1.0\Mobile_Banking_Mainflow_Compute.esql to BAR file.

==============================================

!Mon Jul 03 20:02:40 IST 2023

Processing file Net_Mobile_Banking_APIv1.0\Mobile_validation_Compute.esql.
Successfully added file Net_Mobile_Banking_APIv1.0\Mobile_validation_Compute.esql to BAR file.

==============================================

!Mon Jul 03 20:02:40 IST 2023

Processing file Net_Mobile_Banking_APIv1.0\Mobile_validation_Compute1.esql.
Successfully added file Net_Mobile_Banking_APIv1.0\Mobile_validation_Compute1.esql to BAR file.

==============================================

!Mon Jul 03 20:02:40 IST 2023

Processing file Net_Mobile_Banking_APIv1.0\application.descriptor.
Successfully added file Net_Mobile_Banking_APIv1.0\application.descriptor to BAR file.
Elapsed time: 0 second(s).

Successfully added file Net_Mobile_Banking_APIv1.0\application.descriptor to BAR file.

==============================================

!Mon Jul 03 20:02:40 IST 2023

Processing file Net_Mobile_Banking_APIv1.0\application.descriptor.
Successfully added file Net_Mobile_Banking_APIv1.0\application.descriptor to BAR file.
Elapsed time: 0 second(s).

Successfully added file Net_Mobile_Banking_APIv1.0\application.descriptor to BAR file.

==============================================

!Mon Jul 03 20:02:40 IST 2023

Processing file Net_Mobile_Banking_APIv1.0\com\esb\iob\blockmobilebanking_ProcessRequest.esql.
Dependent ESQL file com/esb/iob/netbankingvalidation_ProcessRequest.esql is added to the BAR file.

Dependent ESQL file Block_Mobile_Number_Compute.esql is added to the BAR file.

Successfully added file Net_Mobile_Banking_APIv1.0\com\esb\iob\blockmobilebanking_ProcessRequest.esql to BAR file.

==============================================

!Mon Jul 03 20:02:40 IST 2023

Processing file Net_Mobile_Banking_APIv1.0\com\esb\iob\blockmobilebanking_ProcessResponse.esql.
Dependent ESQL file com/esb/iob/netbankingvalidation_ProcessRequest.esql is added to the BAR file.

Successfully added file Net_Mobile_Banking_APIv1.0\com\esb\iob\blockmobilebanking_ProcessResponse.esql to BAR file.

==============================================

!Mon Jul 03 20:02:40 IST 2023

Processing file Net_Mobile_Banking_APIv1.0\com\esb\iob\blocknetbanking_ProcessRequest.esql.
Dependent ESQL file Block_Mobile_Number_Compute.esql is added to the BAR file.

Successfully added file Net_Mobile_Banking_APIv1.0\com\esb\iob\blocknetbanking_ProcessRequest.esql to BAR file.

==============================================

!Mon Jul 03 20:02:40 IST 2023

Processing file Net_Mobile_Banking_APIv1.0\com\esb\iob\mobilebanking_ProcessRequest.esql.
Successfully added file Net_Mobile_Banking_APIv1.0\com\esb\iob\mobilebanking_ProcessRequest.esql to BAR file.

==============================================

!Mon Jul 03 20:02:40 IST 2023

Processing file Net_Mobile_Banking_APIv1.0\com\esb\iob\mobilebanking_ProcessResponse.esql.
Successfully added file Net_Mobile_Banking_APIv1.0\com\esb\iob\mobilebanking_ProcessResponse.esql to BAR file.

==============================================

!Mon Jul 03 20:02:40 IST 2023

Processing file Net_Mobile_Banking_APIv1.0\com\esb\iob\netbankingvalidation_ProcessRequest.esql.
Successfully added file Net_Mobile_Banking_APIv1.0\com\esb\iob\netbankingvalidation_ProcessRequest.esql to BAR file.

==============================================

!Mon Jul 03 20:02:40 IST 2023

Processing file Net_Mobile_Banking_APIv1.0\com\esb\iob\netbankingvalidation_ProcessResponse.esql.
Successfully added file Net_Mobile_Banking_APIv1.0\com\esb\iob\netbankingvalidation_ProcessResponse.esql to BAR file.

==============================================

!Mon Jul 03 20:02:40 IST 2023

Processing file Net_Mobile_Banking_APIv1.0\otphashing.jar.
Successfully added file Net_Mobile_Banking_APIv1.0\otphashing.jar to BAR file.
Elapsed time: 0 second(s).
